<?xml version="1.0" encoding="UTF-8"?>
<testng-results skipped="0" failed="0" total="6" passed="6">
  <reporter-output>
  </reporter-output>
  <suite name="Default suite" duration-ms="82087" started-at="2017-09-19T18:10:37Z" finished-at="2017-09-19T18:11:59Z">
    <groups>
    </groups>
    <test name="Default test" duration-ms="82087" started-at="2017-09-19T18:10:37Z" finished-at="2017-09-19T18:11:59Z">
      <class name="com.ds.NewUserTests">
        <test-method status="PASS" signature="testSetUp()[pri:0, instance:com.ds.NewUserTests@be92ad]" name="testSetUp" is-config="true" duration-ms="5673" started-at="2017-09-19T23:40:31Z" finished-at="2017-09-19T23:40:37Z">
          <reporter-output>
          </reporter-output>
        </test-method> <!-- testSetUp -->
        <test-method status="PASS" signature="createUser()[pri:0, instance:com.ds.NewUserTests@be92ad]" name="createUser" duration-ms="42603" started-at="2017-09-19T23:40:37Z" finished-at="2017-09-19T23:41:20Z">
          <reporter-output>
          </reporter-output>
        </test-method> <!-- createUser -->
        <test-method status="PASS" signature="emptyEmailIDTextBoxValidation()[pri:0, instance:com.ds.NewUserTests@be92ad]" name="emptyEmailIDTextBoxValidation" duration-ms="3813" started-at="2017-09-19T23:41:20Z" finished-at="2017-09-19T23:41:23Z">
          <reporter-output>
          </reporter-output>
        </test-method> <!-- emptyEmailIDTextBoxValidation -->
        <test-method status="PASS" signature="emptyPasswordTextBoxValidation()[pri:0, instance:com.ds.NewUserTests@be92ad]" name="emptyPasswordTextBoxValidation" duration-ms="4746" started-at="2017-09-19T23:41:23Z" finished-at="2017-09-19T23:41:28Z">
          <reporter-output>
          </reporter-output>
        </test-method> <!-- emptyPasswordTextBoxValidation -->
        <test-method status="PASS" signature="emptyUserNameTextBoxValidation()[pri:0, instance:com.ds.NewUserTests@be92ad]" name="emptyUserNameTextBoxValidation" duration-ms="8457" started-at="2017-09-19T23:41:28Z" finished-at="2017-09-19T23:41:37Z">
          <reporter-output>
          </reporter-output>
        </test-method> <!-- emptyUserNameTextBoxValidation -->
        <test-method status="PASS" signature="verifyNewUserPageTitle()[pri:0, instance:com.ds.NewUserTests@be92ad]" name="verifyNewUserPageTitle" duration-ms="4101" started-at="2017-09-19T23:41:37Z" finished-at="2017-09-19T23:41:41Z">
          <reporter-output>
          </reporter-output>
        </test-method> <!-- verifyNewUserPageTitle -->
        <test-method status="PASS" signature="verifyPassword()[pri:0, instance:com.ds.NewUserTests@be92ad]" name="verifyPassword" duration-ms="18311" started-at="2017-09-19T23:41:41Z" finished-at="2017-09-19T23:41:59Z">
          <reporter-output>
          </reporter-output>
        </test-method> <!-- verifyPassword -->
        <test-method status="PASS" signature="tearDown()[pri:0, instance:com.ds.NewUserTests@be92ad]" name="tearDown" is-config="true" duration-ms="1550" started-at="2017-09-19T23:41:59Z" finished-at="2017-09-19T23:42:01Z">
          <reporter-output>
          </reporter-output>
        </test-method> <!-- tearDown -->
      </class> <!-- com.ds.NewUserTests -->
    </test> <!-- Default test -->
  </suite> <!-- Default suite -->
</testng-results>
