<?xml version="1.0" encoding="UTF-8"?>
<!-- Generated by org.testng.reporters.JUnitReportReporter -->
<testsuite hostname="NISH-PC" name="com.ds.NewUserTests" tests="8" failures="0" timestamp="20 Sep 2017 05:27:33 GMT" time="19.901" errors="0">
  <testcase name="createUser" time="2.641" classname="com.ds.NewUserTests"/>
  <testcase name="emptyEmailIDTextBoxValidation" time="2.145" classname="com.ds.NewUserTests"/>
  <testcase name="emptyPasswordTextBoxValidation" time="2.018" classname="com.ds.NewUserTests"/>
  <testcase name="checkUniqueUser" time="2.629" classname="com.ds.NewUserTests"/>
  <testcase name="verifyNewUserPageTitle" time="3.618" classname="com.ds.NewUserTests"/>
  <testcase name="emptyUserNameTextBoxValidation" time="2.355" classname="com.ds.NewUserTests"/>
  <testcase name="verifyPassword" time="1.875" classname="com.ds.NewUserTests"/>
  <testcase name="checkUniqueEmailId" time="2.620" classname="com.ds.NewUserTests"/>
</testsuite> <!-- com.ds.NewUserTests -->
